<?xml version="1.0" encoding="UTF-8"?>
<!-- Generated by org.testng.reporters.JUnitReportReporter -->
<testsuite name="httpMethods.GetNestedResource" tests="1" time="2.970" ignored="0" failures="0" timestamp="01 Jun 2021 14:50:06 GMT" skipped="0" hostname="Kalyani" errors="0">
  <testcase name="test" time="2.970" classname="httpMethods.GetNestedResource"/>
</testsuite> <!-- httpMethods.GetNestedResource -->
