<?xml version="1.0" encoding="UTF-8"?>
<!-- Generated by org.testng.reporters.JUnitReportReporter -->
<testsuite name="jira.DeleteMethod" tests="1" time="3.174" ignored="0" failures="0" timestamp="03 Jun 2021 08:43:21 GMT" skipped="0" hostname="Kalyani" errors="0">
  <testcase name="getComments" time="3.174" classname="jira.DeleteMethod"/>
</testsuite> <!-- jira.DeleteMethod -->
