<?xml version="1.0" encoding="UTF-8"?>
<!-- Generated by org.testng.reporters.JUnitReportReporter -->
<testsuite name="pojoHttpMethod.PostMethod" tests="1" time="4.281" ignored="0" failures="0" timestamp="15 Jun 2021 04:33:24 GMT" skipped="0" hostname="Kalyani" errors="0">
  <testcase name="postMethod" time="4.281" classname="pojoHttpMethod.PostMethod"/>
</testsuite> <!-- pojoHttpMethod.PostMethod -->
