<?xml version="1.0" encoding="UTF-8"?>
<!-- Generated by org.testng.reporters.JUnitReportReporter -->
<testsuite name="httpMethods.AdvanceBodyPost" tests="1" time="2.383" ignored="1" failures="0" timestamp="28 May 2021 13:54:54 GMT" skipped="0" hostname="Kalyani" errors="0">
  <testcase name="jsonPostEx" time="2.383" classname="httpMethods.AdvanceBodyPost"/>
  <testcase name="mixArraylistHash" classname="httpMethods.AdvanceBodyPost">
    <skipped/>
  </testcase> <!-- mixArraylistHash -->
</testsuite> <!-- httpMethods.AdvanceBodyPost -->
