<?xml version="1.0" encoding="UTF-8"?>
<!-- Generated by org.testng.reporters.JUnitReportReporter -->
<testsuite name="httpMethods.PutMethodForUpdate" tests="1" time="3.301" ignored="0" failures="0" timestamp="28 May 2021 06:14:29 GMT" skipped="0" hostname="Kalyani" errors="0">
  <testcase name="putMethod" time="3.301" classname="httpMethods.PutMethodForUpdate"/>
</testsuite> <!-- httpMethods.PutMethodForUpdate -->
