<?xml version="1.0" encoding="UTF-8"?>
<!-- Generated by org.testng.reporters.JUnitReportReporter -->
<testsuite name="jiraBasicAuthentication.GetMethod" tests="3" time="8.456" ignored="0" failures="0" timestamp="14 Jun 2021 04:40:41 GMT" skipped="0" hostname="Kalyani" errors="0">
  <testcase name="getIssue" time="0.666" classname="jiraBasicAuthentication.GetMethod"/>
  <testcase name="getMethod1" time="0.159" classname="jiraBasicAuthentication.GetMethod"/>
  <testcase name="getComments" time="7.631" classname="jiraBasicAuthentication.GetMethod"/>
</testsuite> <!-- jiraBasicAuthentication.GetMethod -->
