<?xml version="1.0" encoding="UTF-8"?>
<!-- Generated by org.testng.reporters.JUnitReportReporter -->
<testsuite name="httpMethods.FilteringQueryParam" tests="1" time="3.542" ignored="0" failures="0" timestamp="01 Jun 2021 15:07:52 GMT" skipped="0" hostname="Kalyani" errors="0">
  <testcase name="getQueryParameter" time="3.542" classname="httpMethods.FilteringQueryParam"/>
</testsuite> <!-- httpMethods.FilteringQueryParam -->
