<?xml version="1.0" encoding="UTF-8"?>
<!-- Generated by org.testng.reporters.JUnitReportReporter -->
<testsuite name="httpMethods.DeleteMethod" tests="1" time="2.321" ignored="0" failures="0" timestamp="28 May 2021 06:27:41 GMT" skipped="0" hostname="Kalyani" errors="0">
  <testcase name="deleteMethod" time="2.321" classname="httpMethods.DeleteMethod"/>
</testsuite> <!-- httpMethods.DeleteMethod -->
