<?xml version="1.0" encoding="UTF-8"?>
<!-- Generated by org.testng.reporters.JUnitReportReporter -->
<testsuite name="jiraBasicAuthentication.PostMethod" tests="1" time="5.282" ignored="0" failures="0" timestamp="15 Jun 2021 13:09:29 GMT" skipped="0" hostname="Kalyani" errors="0">
  <testcase name="postMethod" time="5.282" classname="jiraBasicAuthentication.PostMethod"/>
</testsuite> <!-- jiraBasicAuthentication.PostMethod -->
