<?xml version="1.0" encoding="UTF-8"?>
<!-- Generated by org.testng.reporters.JUnitReportReporter -->
<testsuite name="oAuth2.StandardOAuth" tests="1" time="3.376" ignored="0" failures="0" timestamp="11 Jun 2021 04:29:06 GMT" skipped="0" hostname="Kalyani" errors="0">
  <testcase name="oauth2" time="3.376" classname="oAuth2.StandardOAuth"/>
</testsuite> <!-- oAuth2.StandardOAuth -->
