<?xml version="1.0" encoding="UTF-8"?>
<!-- Generated by org.testng.reporters.JUnitReportReporter -->
<testsuite name="jira.PostMethod" tests="1" time="4.120" ignored="0" failures="0" timestamp="03 Jun 2021 08:02:47 GMT" skipped="0" hostname="Kalyani" errors="0">
  <testcase name="postMethod" time="4.120" classname="jira.PostMethod"/>
</testsuite> <!-- jira.PostMethod -->
