<?xml version="1.0" encoding="UTF-8"?>
<!-- Generated by org.testng.reporters.JUnitReportReporter -->
<testsuite name="jira.GetMethod" tests="1" time="4.167" ignored="2" failures="0" timestamp="03 Jun 2021 08:55:58 GMT" skipped="0" hostname="Kalyani" errors="0">
  <testcase name="getMethod1" time="4.167" classname="jira.GetMethod"/>
  <testcase name="getIssue" classname="jira.GetMethod">
    <skipped/>
  </testcase> <!-- getIssue -->
  <testcase name="getComments" classname="jira.GetMethod">
    <skipped/>
  </testcase> <!-- getComments -->
</testsuite> <!-- jira.GetMethod -->
