<?xml version="1.0" encoding="UTF-8"?>
<!-- Generated by org.testng.reporters.JUnitReportReporter -->
<testsuite name="httpMethods.GetMethodForRetrieve" tests="1" time="1.816" ignored="1" failures="0" timestamp="27 May 2021 05:22:34 GMT" skipped="0" hostname="Kalyani" errors="0">
  <testcase name="test" time="1.816" classname="httpMethods.GetMethodForRetrieve"/>
  <testcase name="getMethod" classname="httpMethods.GetMethodForRetrieve">
    <skipped/>
  </testcase> <!-- getMethod -->
</testsuite> <!-- httpMethods.GetMethodForRetrieve -->
