<?xml version="1.0" encoding="UTF-8"?>
<!-- Generated by org.testng.reporters.JUnitReportReporter -->
<testsuite name="jiraBasicAuthentication.PutMethod" tests="1" time="3.330" ignored="0" failures="0" timestamp="15 Jun 2021 13:15:01 GMT" skipped="0" hostname="Kalyani" errors="0">
  <testcase name="putMethod" time="3.330" classname="jiraBasicAuthentication.PutMethod"/>
</testsuite> <!-- jiraBasicAuthentication.PutMethod -->
