<?xml version="1.0" encoding="UTF-8"?>
<!-- Generated by org.testng.reporters.JUnitReportReporter -->
<testsuite name="oAuth2.StandardOAuth" tests="1" time="4.675" ignored="0" failures="0" timestamp="09 Jun 2021 06:04:15 GMT" skipped="0" hostname="Kalyani" errors="0">
  <testcase name="oauth2" time="4.675" classname="oAuth2.StandardOAuth"/>
</testsuite> <!-- oAuth2.StandardOAuth -->
