<?xml version="1.0" encoding="UTF-8"?>
<!-- Generated by org.testng.reporters.JUnitReportReporter -->
<testsuite name="jira.PutMethod" tests="1" time="4.604" ignored="0" failures="0" timestamp="03 Jun 2021 08:29:50 GMT" skipped="0" hostname="Kalyani" errors="0">
  <testcase name="putMethod" time="4.604" classname="jira.PutMethod"/>
</testsuite> <!-- jira.PutMethod -->
