<?xml version="1.0" encoding="UTF-8"?>
<!-- Generated by org.testng.reporters.JUnitReportReporter -->
<testsuite name="oauth2WithPojo.PostReq" tests="1" time="3.662" ignored="0" failures="0" timestamp="15 Jun 2021 04:19:24 GMT" skipped="0" hostname="Kalyani" errors="0">
  <testcase name="postMethod" time="3.662" classname="oauth2WithPojo.PostReq"/>
</testsuite> <!-- oauth2WithPojo.PostReq -->
