<?xml version="1.0" encoding="UTF-8"?>
<!-- Generated by org.testng.reporters.JUnitReportReporter -->
<testsuite name="oAuth2.AccessTokenPost" tests="1" time="6.712" ignored="0" failures="0" timestamp="09 Jun 2021 06:49:09 GMT" skipped="0" hostname="Kalyani" errors="0">
  <testcase name="getTokenAndThenPostReq" time="6.712" classname="oAuth2.AccessTokenPost"/>
</testsuite> <!-- oAuth2.AccessTokenPost -->
