<?xml version="1.0" encoding="UTF-8"?>
<!-- Generated by org.testng.reporters.JUnitReportReporter -->
<testsuite name="jiraBasicAuthentication.GetCommentByPojo" tests="1" time="2.239" ignored="0" failures="0" timestamp="14 Jun 2021 07:09:24 GMT" skipped="0" hostname="Kalyani" errors="0">
  <testcase name="getComments" time="2.239" classname="jiraBasicAuthentication.GetCommentByPojo"/>
</testsuite> <!-- jiraBasicAuthentication.GetCommentByPojo -->
