<?xml version="1.0" encoding="UTF-8"?>
<!-- Generated by org.testng.reporters.JUnitReportReporter -->
<testsuite name="oAuth2.Ex" tests="1" time="6.055" ignored="0" failures="0" timestamp="09 Jun 2021 06:28:51 GMT" skipped="0" hostname="Kalyani" errors="0">
  <testcase name="getTokenAndThenPostReq" time="6.055" classname="oAuth2.Ex"/>
</testsuite> <!-- oAuth2.Ex -->
