<?xml version="1.0" encoding="UTF-8"?>
<!-- Generated by org.testng.reporters.JUnitReportReporter -->
<testsuite name="httpMethods.PostMethodToCreate" tests="1" time="2.019" ignored="2" failures="0" timestamp="28 May 2021 13:48:19 GMT" skipped="0" hostname="Kalyani" errors="0">
  <testcase name="postMethod3" time="2.019" classname="httpMethods.PostMethodToCreate"/>
  <testcase name="postMethod" classname="httpMethods.PostMethodToCreate">
    <skipped/>
  </testcase> <!-- postMethod -->
  <testcase name="postMethod2" classname="httpMethods.PostMethodToCreate">
    <skipped/>
  </testcase> <!-- postMethod2 -->
</testsuite> <!-- httpMethods.PostMethodToCreate -->
