<?xml version="1.0" encoding="UTF-8"?>
<!-- Generated by org.testng.reporters.JUnitReportReporter -->
<testsuite name="pojoHttpMethod.GetMethod" tests="1" time="2.475" ignored="0" failures="0" timestamp="11 Jun 2021 08:50:08 GMT" skipped="0" hostname="Kalyani" errors="0">
  <testcase name="getMethod" time="2.475" classname="pojoHttpMethod.GetMethod"/>
</testsuite> <!-- pojoHttpMethod.GetMethod -->
